SF:lib/bloc/subtitle/subtitle_event.dart
DA:4,2
DA:10,2
DA:18,1
LF:3
LH:3
end_of_record
SF:lib/bloc/subtitle/subtitle_bloc.dart
DA:21,2
DA:25,4
DA:26,4
DA:30,2
DA:33,2
DA:34,2
DA:35,2
DA:36,4
DA:37,1
DA:38,3
DA:42,2
DA:43,4
DA:44,8
DA:45,4
DA:48,1
DA:49,2
DA:50,2
DA:51,0
DA:53,0
DA:54,0
DA:55,0
DA:56,0
DA:57,0
DA:58,0
DA:65,1
DA:67,2
DA:68,1
LF:27
LH:20
end_of_record
SF:lib/bloc/subtitle/subtitle_state.dart
DA:4,2
DA:8,0
DA:9,0
DA:13,1
DA:14,1
DA:18,1
DA:19,1
DA:23,1
DA:24,1
DA:30,1
DA:32,1
DA:33,1
DA:34,1
LF:13
LH:11
end_of_record
SF:lib/data/models/subtitle.dart
DA:8,3
DA:10,3
DA:11,3
DA:12,3
DA:13,3
DA:14,3
LF:6
LH:6
end_of_record
SF:lib/data/repository/subtitle_repository.dart
DA:18,4
DA:21,2
DA:23,2
DA:24,2
DA:34,2
DA:35,2
DA:36,6
DA:40,2
DA:41,2
DA:42,2
DA:43,0
DA:45,2
DA:49,2
DA:50,10
DA:54,0
DA:55,0
DA:59,2
DA:63,2
DA:68,4
DA:69,8
DA:70,8
DA:75,8
DA:81,4
DA:83,8
DA:88,4
DA:89,8
DA:92,8
DA:94,6
DA:96,3
DA:97,3
DA:98,3
DA:103,2
DA:104,2
DA:105,2
DA:111,2
DA:112,2
DA:115,2
DA:116,2
DA:117,2
DA:122,1
DA:123,1
DA:124,1
DA:134,4
DA:137,4
DA:138,3
DA:143,1
DA:144,1
DA:153,8
DA:154,4
DA:156,7
DA:157,6
DA:158,6
DA:159,6
DA:160,6
DA:162,6
DA:163,6
DA:164,6
DA:165,6
DA:166,6
DA:168,3
DA:173,3
DA:179,3
DA:180,6
DA:183,4
DA:187,3
DA:188,3
DA:190,12
DA:191,6
DA:192,2
DA:194,4
LF:70
LH:67
end_of_record
SF:lib/subtitle_controller.dart
DA:14,4
DA:22,2
DA:24,2
DA:25,2
DA:29,2
DA:30,2
DA:31,2
DA:34,1
DA:37,1
DA:38,1
DA:39,2
DA:40,1
DA:45,1
DA:49,1
DA:52,1
DA:53,1
DA:54,2
DA:55,1
DA:60,1
DA:65,0
DA:70,0
LF:21
LH:19
end_of_record
SF:lib/data/models/subtitles.dart
DA:4,4
LF:1
LH:1
end_of_record
